<?xml version="1.0" encoding="UTF-8"?>
<testsuite name="S3ExporterTest" tests="1" skipped="0" failures="0" errors="0" timestamp="2022-09-30T06:20:41" hostname="sachins-MacBook-Pro.local" time="0.124">
  <properties/>
  <testcase name="shouldRetrieveAllConceptsFromReader()" classname="S3ExporterTest" time="0.124"/>
  <system-out><![CDATA[]]></system-out>
  <system-err><![CDATA[]]></system-err>
</testsuite>
